<?xml version="1.0" encoding="UTF-8"?>
<testsuite name="model.ArrangementTest" tests="1" skipped="0" failures="0" errors="0" timestamp="2019-11-05T10:10:37" hostname="LAPTOP-E8A3NEOF" time="0.014">
  <properties/>
  <testcase name="erTittelOkTest()" classname="model.ArrangementTest" time="0.014"/>
  <system-out><![CDATA[]]></system-out>
  <system-err><![CDATA[]]></system-err>
</testsuite>
